block_tx 6470903 6530157
commit
block_tx 6470904 6530158
commit
block_tx 6470905 6530159
commit
block_tx 6470906 6530160
commit
block_tx 6470907 6530161
commit
block_tx 6470908 6530162
commit
block_tx 6470909 6530163
commit
block_tx 6470910 6530164
commit
block_tx 6470911 6530165
commit
Abe initialized.
Listening on http://localhost:2750
block_tx 6470912 6530166
commit
block_tx 6470913 6530167
commit
block_tx 6470914 6530168
commit
block_tx 6470915 6530169
commit
block_tx 6470916 6530170
commit
block_tx 6470917 6530171
commit
127.0.0.1 - - [09/Mar/2018 20:31:25] "GET / HTTP/1.1" 200 1990
127.0.0.1 - - [09/Mar/2018 20:31:43] "GET / HTTP/1.1" 200 1990
127.0.0.1 - - [09/Mar/2018 20:31:43] "GET /abe.css HTTP/1.1" 200 1143
127.0.0.1 - - [09/Mar/2018 20:31:43] "GET /logo32.png HTTP/1.1" 200 5684
block_tx 6470918 6530172
commit
127.0.0.1 - - [09/Mar/2018 20:32:08] "GET / HTTP/1.1" 200 1990
block_tx 6470919 6530173
commit
block_tx 6470920 6530174
commit
127.0.0.1 - - [09/Mar/2018 20:32:36] "GET / HTTP/1.1" 200 1990
127.0.0.1 - - [09/Mar/2018 20:32:36] "GET /abe.css HTTP/1.1" 200 1143
127.0.0.1 - - [09/Mar/2018 20:32:36] "GET /logo32.png HTTP/1.1" 200 5684
127.0.0.1 - - [09/Mar/2018 20:32:37] "GET /abe.css HTTP/1.1" 200 1143
127.0.0.1 - - [09/Mar/2018 20:32:37] "GET /logo32.png HTTP/1.1" 200 5684
block_tx 6470921 6530175
commit
block_tx 6470922 6530176
commit
127.0.0.1 - - [09/Mar/2018 20:33:05] "GET / HTTP/1.1" 200 1990
block_tx 6470923 6530177
commit
block_tx 6470924 6530178
commit
block_tx 6470925 6530179
commit
block_tx 6470926 6530180
commit
127.0.0.1 - - [09/Mar/2018 20:33:34] "GET / HTTP/1.1" 200 1987
127.0.0.1 - - [09/Mar/2018 20:33:34] "GET /abe.css HTTP/1.1" 200 1143
127.0.0.1 - - [09/Mar/2018 20:33:34] "GET /logo32.png HTTP/1.1" 200 5684
127.0.0.1 - - [09/Mar/2018 20:33:35] "GET /abe.css HTTP/1.1" 200 1143
127.0.0.1 - - [09/Mar/2018 20:33:35] "GET /logo32.png HTTP/1.1" 200 5684
127.0.0.1 - - [09/Mar/2018 20:41:33] "HEAD /explorer.7z HTTP/1.1" 404 806
block_tx 6470927 6530181
commit
block_tx 6470928 6530182
commit
block_tx 6470929 6530183
commit
block_tx 6470930 6530184
commit
block_tx 6470931 6530185
commit
block_tx 6470932 6530186
commit
block_tx 6470933 6530187
commit
block_tx 6470934 6530188
commit
block_tx 6470935 6530189
commit
block_tx 6470936 6530190
commit
block_tx 6470937 6530191
commit
block_tx 6470938 6530192
commit
block_tx 6470939 6530193
commit
block_tx 6470940 6530194
commit
block_tx 6470941 6530195
commit
block_tx 6470942 6530196
commit
block_tx 6470943 6530197
commit
block_tx 6470944 6530198
commit
block_tx 6470945 6530199
commit
block_tx 6470946 6530200
commit
block_tx 6470947 6530201
commit
block_tx 6470948 6530202
commit
block_tx 6470949 6530203
commit
block_tx 6470950 6530204
commit
block_tx 6470951 6530205
commit
block_tx 6470952 6530206
commit
block_tx 6470953 6530207
commit
block_tx 6470954 6530208
commit
block_tx 6470955 6530209
commit
block_tx 6470956 6530210
commit
block_tx 6470957 6530211
commit
block_tx 6470958 6530212
commit
block_tx 6470959 6530213
commit
block_tx 6470960 6530214
commit
block_tx 6470961 6530215
commit
block_tx 6470962 6530216
commit
block_tx 6470963 6530217
commit
block_tx 6470964 6530218
commit
block_tx 6470965 6530219
commit
block_tx 6470966 6530220
commit
block_tx 6470967 6530221
commit
block_tx 6470968 6530222
commit
block_tx 6470969 6530223
commit
block_tx 6470970 6530224
commit
block_tx 6470971 6530225
commit
block_tx 6470972 6530226
commit
block_tx 6470973 6530227
commit
block_tx 6470974 6530228
commit
block_tx 6470975 6530229
commit
block_tx 6470976 6530230
commit
block_tx 6470977 6530231
commit
